<?xml version="1.0" encoding="UTF-8"?>
<!-- Generated by org.testng.reporters.JUnitReportReporter -->
<testsuite hostname="LAPTOP-67EKALV8" failures="0" tests="1" name="e_commerce.Amazon" time="8.389" errors="0" timestamp="2023-08-31T01:11:04 IST" skipped="0">
  <testcase classname="e_commerce.Amazon" name="amazon_test" time="8.389">
    <system-out>
      <![CDATA[opening amazon]]>
    </system-out>
  </testcase> <!-- amazon_test -->
  <system-out>
    <![CDATA[opening amazon]]>
  </system-out>
</testsuite> <!-- e_commerce.Amazon -->
