<?xml version="1.0" encoding="UTF-8"?>
<!-- Generated by org.testng.reporters.JUnitReportReporter -->
<testsuite hostname="LAPTOP-67EKALV8" failures="0" tests="1" name="e_commerce.Myntra" time="11.978" errors="0" timestamp="2023-08-26T01:00:57 IST" skipped="0">
  <testcase classname="e_commerce.Myntra" name="myntra_test" time="11.978">
    <system-out>
      <![CDATA[opening myntra]]>
    </system-out>
  </testcase> <!-- myntra_test -->
  <system-out>
    <![CDATA[opening myntra]]>
  </system-out>
</testsuite> <!-- e_commerce.Myntra -->
