<?xml version="1.0" encoding="UTF-8"?>
<!-- Generated by org.testng.reporters.JUnitReportReporter -->
<testsuite hostname="LAPTOP-67EKALV8" failures="0" tests="1" name="e_commerce.Amazon" time="6.407" errors="0" timestamp="2023-08-23T01:11:33 IST" skipped="0">
  <testcase classname="e_commerce.Amazon" name="amazon_test" time="6.407">
    <system-out>
      <![CDATA[opening amazon]]>
    </system-out>
  </testcase> <!-- amazon_test -->
  <system-out>
    <![CDATA[opening flipkart
opening amazon
opening meesho]]>
  </system-out>
</testsuite> <!-- e_commerce.Amazon -->
