<?xml version="1.0" encoding="UTF-8"?>
<!-- Generated by org.testng.reporters.JUnitReportReporter -->
<testsuite hostname="LAPTOP-67EKALV8" failures="0" tests="1" name="e_commerce.Flipkart" time="50.581" errors="0" timestamp="2023-08-25T15:27:31 IST" skipped="0">
  <testcase classname="e_commerce.Flipkart" name="flipkart_test" time="50.581">
    <system-out>
      <![CDATA[opening flipkart]]>
    </system-out>
  </testcase> <!-- flipkart_test -->
  <system-out>
    <![CDATA[opening flipkart
opening amazon
opening meesho]]>
  </system-out>
</testsuite> <!-- e_commerce.Flipkart -->
