<?xml version="1.0" encoding="UTF-8"?>
<!-- Generated by org.testng.reporters.JUnitReportReporter -->
<testsuite hostname="LAPTOP-67EKALV8" failures="0" tests="1" name="e_commerce.Meesho" time="4.422" errors="0" timestamp="2023-08-23T01:21:14 IST" skipped="0">
  <testcase classname="e_commerce.Meesho" name="meesho_test" time="4.422">
    <system-out>
      <![CDATA[opening meesho]]>
    </system-out>
  </testcase> <!-- meesho_test -->
  <system-out>
    <![CDATA[opening flipkart
opening amazon
opening meesho]]>
  </system-out>
</testsuite> <!-- e_commerce.Meesho -->
